534:C 02 Jan 15:29:21.348 # Warning: no config file specified, using the default config. In order to specify a config file use redis-server /path/to/redis.conf
534:M 02 Jan 15:29:21.351 * Increased maximum number of open files to 10032 (it was originally set to 256).
                _._                                                  
           _.-``__ ''-._                                             
      _.-``    `.  `_.  ''-._           Redis 3.2.6 (00000000/0) 64 bit
  .-`` .-```.  ```\/    _.,_ ''-._                                   
 (    '      ,       .-`  | `,    )     Running in standalone mode
 |`-._`-...-` __...-.``-._|'` _.-'|     Port: 6379
 |    `-._   `._    /     _.-'    |     PID: 534
  `-._    `-._  `-./  _.-'    _.-'                                   
 |`-._`-._    `-.__.-'    _.-'_.-'|                                  
 |    `-._`-._        _.-'_.-'    |           http://redis.io        
  `-._    `-._`-.__.-'_.-'    _.-'                                   
 |`-._`-._    `-.__.-'    _.-'_.-'|                                  
 |    `-._`-._        _.-'_.-'    |                                  
  `-._    `-._`-.__.-'_.-'    _.-'                                   
      `-._    `-.__.-'    _.-'                                       
          `-._        _.-'                                           
              `-.__.-'                                               

534:M 02 Jan 15:29:21.359 # Server started, Redis version 3.2.6
534:M 02 Jan 15:29:21.360 * DB loaded from disk: 0.000 seconds
534:M 02 Jan 15:29:21.360 * The server is now ready to accept connections on port 6379
534:M 02 Jan 16:29:22.013 * 1 changes in 3600 seconds. Saving...
534:M 02 Jan 16:29:22.015 * Background saving started by pid 1303
1303:C 02 Jan 16:29:22.017 * DB saved on disk
534:M 02 Jan 16:29:22.118 * Background saving terminated with success
